Running php-build composer
WARNING! Your password will be stored unencrypted in /home/runner/.docker/config.json.
Configure a credential helper to remove this warning. See
https://docs.docker.com/engine/reference/commandline/login/#credentials-store

Login Succeeded
Pulling docker.pkg.github.com/malberts/ooui-dye/php-actions_composer_ooui-dye:php-7.4-build2
WARNING: ⚠️ Failed to pull manifest by the resolved digest. This registry does not
	appear to conform to the distribution registry specification; falling back to
	pull by tag.  This fallback is DEPRECATED, and will be removed in a future
	release.  Please contact admins of https://docker.pkg.github.com. ⚠️

php-7.4-build2: Pulling from malberts/ooui-dye/php-actions_composer_ooui-dye
a0d0a0d46f8b: Already exists
153eea49496a: Pulling fs layer
11efd0df1fcb: Pulling fs layer
b3f3214c344d: Pulling fs layer
bd33e16cce14: Pulling fs layer
63061f1c8976: Pulling fs layer
f20a10542755: Pulling fs layer
d942098e3bc6: Pulling fs layer
42908852fe94: Pulling fs layer
a35560f527a4: Pulling fs layer
bd33e16cce14: Waiting
63061f1c8976: Waiting
f20a10542755: Waiting
d942098e3bc6: Waiting
42908852fe94: Waiting
a35560f527a4: Waiting
153eea49496a: Verifying Checksum
153eea49496a: Download complete
b3f3214c344d: Verifying Checksum
b3f3214c344d: Download complete
11efd0df1fcb: Verifying Checksum
11efd0df1fcb: Download complete
bd33e16cce14: Verifying Checksum
bd33e16cce14: Download complete
f20a10542755: Verifying Checksum
f20a10542755: Download complete
63061f1c8976: Verifying Checksum
63061f1c8976: Download complete
d942098e3bc6: Verifying Checksum
d942098e3bc6: Download complete
42908852fe94: Verifying Checksum
42908852fe94: Download complete
a35560f527a4: Verifying Checksum
a35560f527a4: Download complete
153eea49496a: Pull complete
11efd0df1fcb: Pull complete
b3f3214c344d: Pull complete
bd33e16cce14: Pull complete
63061f1c8976: Pull complete
f20a10542755: Pull complete
d942098e3bc6: Pull complete
42908852fe94: Pull complete
a35560f527a4: Pull complete
Digest: sha256:e9b4d9160243c8bc941739663a1a7a15919a3e43d6be7d626f2de4ff2e287bff
Status: Downloaded newer image for docker.pkg.github.com/malberts/ooui-dye/php-actions_composer_ooui-dye:php-7.4-build2
docker.pkg.github.com/malberts/ooui-dye/php-actions_composer_ooui-dye:php-7.4-build2
Docker tag: docker.pkg.github.com/malberts/ooui-dye/php-actions_composer_ooui-dye:php-7.4-build2
No private keys supplied
Command: composer --no-interaction
Skipping env variable PWD
Skipping env variable HOME
Skipping env variable SHLVL
Skipping env variable PATH
